"E:/UnrealEngine/Project/TestProject/Content/Game/BP_TestGameInstance.uasset" 0
"E:/UnrealEngine/Project/TestProject/Content/Game/BP_TestGameInstance.uexp" 1
"E:/UnrealEngine/Project/TestProject/Content/Game/BP_TestProjectGameMode.uasset" 2
"E:/UnrealEngine/Project/TestProject/Content/Game/BP_TestProjectGameMode.uexp" 3
"E:/UnrealEngine/Project/TestProject/Content/Mannequin/Character/Mesh/UE4_Mannequin_Skeleton.uasset" 4
"E:/UnrealEngine/Project/TestProject/Content/Mannequin/Character/Mesh/UE4_Mannequin_Skeleton.uexp" 5
"E:/UnrealEngine/Project/TestProject/Content/Mannequin/Animations/ThirdPersonJump_End.uasset" 6
"E:/UnrealEngine/Project/TestProject/Content/Mannequin/Animations/ThirdPersonJump_End.uexp" 7
"E:/UnrealEngine/Project/TestProject/Content/Mannequin/Character/Mesh/SK_Mannequin_Female_PhysicsAsset.uasset" 8
"E:/UnrealEngine/Project/TestProject/Content/Mannequin/Character/Mesh/SK_Mannequin_Female_PhysicsAsset.uexp" 9
"E:/UnrealEngine/Project/TestProject/Content/Mannequin/Character/Textures/T_UE4Logo_N.uasset" 10
"E:/UnrealEngine/Project/TestProject/Content/Mannequin/Character/Textures/T_UE4Logo_N.uexp" 11
"E:/UnrealEngine/Project/TestProject/Content/Mannequin/Character/Textures/T_UE4Logo_N.ubulk" 12
"E:/UnrealEngine/Project/TestProject/Content/Mannequin/Character/Textures/T_UE4Logo_Mask.uasset" 13
"E:/UnrealEngine/Project/TestProject/Content/Mannequin/Character/Textures/T_UE4Logo_Mask.uexp" 14
"E:/UnrealEngine/Project/TestProject/Content/Mannequin/Character/Textures/T_UE4Logo_Mask.ubulk" 15
"E:/UnrealEngine/Project/TestProject/Content/Mannequin/Character/Textures/T_Male_N.uasset" 16
"E:/UnrealEngine/Project/TestProject/Content/Mannequin/Character/Textures/T_Male_N.uexp" 17
"E:/UnrealEngine/Project/TestProject/Content/Mannequin/Character/Textures/T_Male_N.ubulk" 18
"E:/UnrealEngine/Project/TestProject/Content/Mannequin/Character/Textures/T_Male_Mask.uasset" 19
"E:/UnrealEngine/Project/TestProject/Content/Mannequin/Character/Textures/T_Male_Mask.uexp" 20
"E:/UnrealEngine/Project/TestProject/Content/Mannequin/Character/Textures/T_Male_Mask.ubulk" 21
"E:/UnrealEngine/Project/TestProject/Content/Mannequin/Character/Materials/MaterialLayers/T_ML_Rubber_Blue_01_N.uasset" 22
"E:/UnrealEngine/Project/TestProject/Content/Mannequin/Character/Materials/MaterialLayers/T_ML_Rubber_Blue_01_N.uexp" 23
"E:/UnrealEngine/Project/TestProject/Content/Mannequin/Character/Materials/MaterialLayers/T_ML_Rubber_Blue_01_N.ubulk" 24
"E:/UnrealEngine/Project/TestProject/Content/Mannequin/Character/Materials/MaterialLayers/T_ML_Rubber_Blue_01_D.uasset" 25
"E:/UnrealEngine/Project/TestProject/Content/Mannequin/Character/Materials/MaterialLayers/T_ML_Rubber_Blue_01_D.uexp" 26
"E:/UnrealEngine/Project/TestProject/Content/Mannequin/Character/Materials/MaterialLayers/T_ML_Rubber_Blue_01_D.ubulk" 27
"E:/UnrealEngine/Project/TestProject/Content/Mannequin/Character/Materials/MaterialLayers/T_ML_Aluminum01_N.uasset" 28
"E:/UnrealEngine/Project/TestProject/Content/Mannequin/Character/Materials/MaterialLayers/T_ML_Aluminum01_N.uexp" 29
"E:/UnrealEngine/Project/TestProject/Content/Mannequin/Character/Materials/MaterialLayers/T_ML_Aluminum01_N.ubulk" 30
"E:/UnrealEngine/Project/TestProject/Content/Mannequin/Character/Materials/MaterialLayers/T_ML_Aluminum01.uasset" 31
"E:/UnrealEngine/Project/TestProject/Content/Mannequin/Character/Materials/MaterialLayers/T_ML_Aluminum01.uexp" 32
"E:/UnrealEngine/Project/TestProject/Content/Mannequin/Character/Materials/MaterialLayers/T_ML_Aluminum01.ubulk" 33
"E:/UnrealEngine/Project/TestProject/Content/Mannequin/Character/Materials/MaterialLayers/ML_SoftMetal_UE4.uasset" 34
"E:/UnrealEngine/Project/TestProject/Content/Mannequin/Character/Materials/MaterialLayers/ML_SoftMetal_UE4.uexp" 35
"E:/UnrealEngine/Project/TestProject/Content/Mannequin/Character/Materials/MaterialLayers/ML_Plastic_Shiny_Beige_LOGO.uasset" 36
"E:/UnrealEngine/Project/TestProject/Content/Mannequin/Character/Materials/MaterialLayers/ML_Plastic_Shiny_Beige_LOGO.uexp" 37
"E:/UnrealEngine/Project/TestProject/Content/Mannequin/Character/Materials/MaterialLayers/ML_Plastic_Shiny_Beige.uasset" 38
"E:/UnrealEngine/Project/TestProject/Content/Mannequin/Character/Materials/MaterialLayers/ML_Plastic_Shiny_Beige.uexp" 39
"E:/UnrealEngine/Project/TestProject/Content/Mannequin/Character/Materials/MaterialLayers/ML_GlossyBlack_Latex_UE4.uasset" 40
"E:/UnrealEngine/Project/TestProject/Content/Mannequin/Character/Materials/MaterialLayers/ML_GlossyBlack_Latex_UE4.uexp" 41
"../../../Engine/Content/Functions/MaterialLayerFunctions/MatLayerBlend_Simple.uasset" 42
"../../../Engine/Content/Functions/MaterialLayerFunctions/MatLayerBlend_Simple.uexp" 43
"../../../Engine/Content/Functions/Engine_MaterialFunctions02/Utility/BlendAngleCorrectedNormals.uasset" 44
"../../../Engine/Content/Functions/Engine_MaterialFunctions02/Utility/BlendAngleCorrectedNormals.uexp" 45
"../../../Engine/Content/Functions/MaterialLayerFunctions/MatLayerBlend_NormalBlend.uasset" 46
"../../../Engine/Content/Functions/MaterialLayerFunctions/MatLayerBlend_NormalBlend.uexp" 47
"E:/UnrealEngine/Project/TestProject/Content/Mannequin/Character/Materials/M_Male_Body.uasset" 48
"E:/UnrealEngine/Project/TestProject/Content/Mannequin/Character/Materials/M_Male_Body.uexp" 49
"E:/UnrealEngine/Project/TestProject/Content/Mannequin/Character/Materials/M_UE4Man_ChestLogo.uasset" 50
"E:/UnrealEngine/Project/TestProject/Content/Mannequin/Character/Materials/M_UE4Man_ChestLogo.uexp" 51
"E:/UnrealEngine/Project/TestProject/Content/Mannequin/Character/Textures/T_Female_N.uasset" 52
"E:/UnrealEngine/Project/TestProject/Content/Mannequin/Character/Textures/T_Female_N.uexp" 53
"E:/UnrealEngine/Project/TestProject/Content/Mannequin/Character/Textures/T_Female_N.ubulk" 54
"E:/UnrealEngine/Project/TestProject/Content/Mannequin/Character/Textures/T_Female_Mask.uasset" 55
"E:/UnrealEngine/Project/TestProject/Content/Mannequin/Character/Textures/T_Female_Mask.uexp" 56
"E:/UnrealEngine/Project/TestProject/Content/Mannequin/Character/Textures/T_Female_Mask.ubulk" 57
"E:/UnrealEngine/Project/TestProject/Content/Mannequin/Character/Materials/MI_Female_Body.uasset" 58
"E:/UnrealEngine/Project/TestProject/Content/Mannequin/Character/Materials/MI_Female_Body.uexp" 59
"E:/UnrealEngine/Project/TestProject/Content/Mannequin/Character/Mesh/SK_Mannequin_Female.uasset" 60
"E:/UnrealEngine/Project/TestProject/Content/Mannequin/Character/Mesh/SK_Mannequin_Female.uexp" 61
"E:/UnrealEngine/Project/TestProject/Content/UI/WBP_HUDWidget.uasset" 62
"E:/UnrealEngine/Project/TestProject/Content/UI/WBP_HUDWidget.uexp" 63
"../../../Engine/Content/Animation/DefaultAnimBoneCompressionSettings.uasset" 64
"../../../Engine/Content/Animation/DefaultAnimBoneCompressionSettings.uexp" 65
"../../../Engine/Content/Animation/DefaultAnimCurveCompressionSettings.uasset" 66
"../../../Engine/Content/Animation/DefaultAnimCurveCompressionSettings.uexp" 67
"../../../Engine/Content/EngineMaterials/T_Default_Material_Grid_N.uasset" 68
"../../../Engine/Content/EngineMaterials/T_Default_Material_Grid_N.uexp" 69
"../../../Engine/Content/EngineMaterials/T_Default_Material_Grid_N.ubulk" 70
"../../../Engine/Content/EngineMaterials/T_Default_Material_Grid_M.uasset" 71
"../../../Engine/Content/EngineMaterials/T_Default_Material_Grid_M.uexp" 72
"../../../Engine/Content/EngineMaterials/T_Default_Material_Grid_M.ubulk" 73
"../../../Engine/Content/Functions/Engine_MaterialFunctions01/Opacity/CameraDepthFade.uasset" 74
"../../../Engine/Content/Functions/Engine_MaterialFunctions01/Opacity/CameraDepthFade.uexp" 75
"../../../Engine/Content/EngineMaterials/WorldGridMaterial.uasset" 76
"../../../Engine/Content/EngineMaterials/WorldGridMaterial.uexp" 77
"../../../Engine/Content/ArtTools/RenderToTexture/Meshes/S_1_Unit_Plane.uasset" 78
"../../../Engine/Content/ArtTools/RenderToTexture/Meshes/S_1_Unit_Plane.uexp" 79
"../../../Engine/Content/EngineMaterials/DefaultMaterial.uasset" 80
"../../../Engine/Content/EngineMaterials/DefaultMaterial.uexp" 81
"../../../Engine/Content/BasicShapes/Cone.uasset" 82
"../../../Engine/Content/BasicShapes/Cone.uexp" 83
"../../../Engine/Content/BasicShapes/Cube.uasset" 84
"../../../Engine/Content/BasicShapes/Cube.uexp" 85
"../../../Engine/Content/BasicShapes/Plane.uasset" 86
"../../../Engine/Content/BasicShapes/Plane.uexp" 87
"../../../Engine/Content/BasicShapes/Sphere.uasset" 88
"../../../Engine/Content/BasicShapes/Sphere.uexp" 89
"../../../Engine/Content/EditorLandscapeResources/DataLayer.uasset" 90
"../../../Engine/Content/EditorLandscapeResources/DataLayer.uexp" 91
"../../../Engine/Content/EditorLandscapeResources/DefaultAlphaTexture.uasset" 92
"../../../Engine/Content/EditorLandscapeResources/DefaultAlphaTexture.uexp" 93
"../../../Engine/Content/EditorMaterials/MAT_Groups_Toggle.uasset" 94
"../../../Engine/Content/EditorMaterials/MAT_Groups_Toggle.uexp" 95
"../../../Engine/Content/EditorMaterials/MAT_Groups_Visibility.uasset" 96
"../../../Engine/Content/EditorMaterials/MAT_Groups_Visibility.uexp" 97
"../../../Engine/Content/EditorMaterials/PreviewShadowIndicator.uasset" 98
"../../../Engine/Content/EditorMaterials/PreviewShadowIndicator.uexp" 99
"../../../Engine/Content/EditorMaterials/PreviewShadowIndicator.ubulk" 100
"../../../Engine/Content/EditorMaterials/PreviewShadowIndicatorMaterial.uasset" 101
"../../../Engine/Content/EditorMaterials/PreviewShadowIndicatorMaterial.uexp" 102
"../../../Engine/Content/EditorMaterials/MatineeGroups/MAT_ColorTrack.uasset" 103
"../../../Engine/Content/EditorMaterials/MatineeGroups/MAT_ColorTrack.uexp" 104
"../../../Engine/Content/EditorMaterials/MatineeGroups/MAT_Groups_Anim.uasset" 105
"../../../Engine/Content/EditorMaterials/MatineeGroups/MAT_Groups_Anim.uexp" 106
"../../../Engine/Content/EditorMaterials/MatineeGroups/MAT_Groups_AudioMaster.uasset" 107
"../../../Engine/Content/EditorMaterials/MatineeGroups/MAT_Groups_AudioMaster.uexp" 108
"../../../Engine/Content/EditorMaterials/MatineeGroups/MAT_Groups_Director.uasset" 109
"../../../Engine/Content/EditorMaterials/MatineeGroups/MAT_Groups_Director.uexp" 110
"../../../Engine/Content/EditorMaterials/MatineeGroups/MAT_Groups_Event.uasset" 111
"../../../Engine/Content/EditorMaterials/MatineeGroups/MAT_Groups_Event.uexp" 112
"../../../Engine/Content/EditorMaterials/MatineeGroups/MAT_Groups_Fade.uasset" 113
"../../../Engine/Content/EditorMaterials/MatineeGroups/MAT_Groups_Fade.uexp" 114
"../../../Engine/Content/EditorMaterials/MatineeGroups/MAT_Groups_Float.uasset" 115
"../../../Engine/Content/EditorMaterials/MatineeGroups/MAT_Groups_Float.uexp" 116
"../../../Engine/Content/EditorMaterials/MatineeGroups/MAT_Groups_Move.uasset" 117
"../../../Engine/Content/EditorMaterials/MatineeGroups/MAT_Groups_Move.uexp" 118
"../../../Engine/Content/EditorMaterials/MatineeGroups/MAT_Groups_Slomo.uasset" 119
"../../../Engine/Content/EditorMaterials/MatineeGroups/MAT_Groups_Slomo.uexp" 120
"../../../Engine/Content/EditorMaterials/MatineeGroups/MAT_Groups_Sound.uasset" 121
"../../../Engine/Content/EditorMaterials/MatineeGroups/MAT_Groups_Sound.uexp" 122
"../../../Engine/Content/EditorMaterials/MatineeGroups/MAT_Groups_Vector.uasset" 123
"../../../Engine/Content/EditorMaterials/MatineeGroups/MAT_Groups_Vector.uexp" 124
"../../../Engine/Content/EditorMaterials/ParticleSystems/PSysThumbnail_NoImage.uasset" 125
"../../../Engine/Content/EditorMaterials/ParticleSystems/PSysThumbnail_NoImage.uexp" 126
"../../../Engine/Content/EditorMaterials/ParticleSystems/PSysThumbnail_NoImage.ubulk" 127
"../../../Engine/Content/EditorMaterials/ParticleSystems/PSysThumbnail_OOD.uasset" 128
"../../../Engine/Content/EditorMaterials/ParticleSystems/PSysThumbnail_OOD.uexp" 129
"../../../Engine/Content/EditorMaterials/ParticleSystems/PSysThumbnail_OOD.ubulk" 130
"../../../Engine/Content/EditorMaterials/Camera/CineMat.uasset" 131
"../../../Engine/Content/EditorMaterials/Camera/CineMat.uexp" 132
"../../../Engine/Content/EditorMaterials/Camera/MI_CineMat_Rig.uasset" 133
"../../../Engine/Content/EditorMaterials/Camera/MI_CineMat_Rig.uexp" 134
"../../../Engine/Content/EditorMeshes/Camera/SM_CraneRig_Arm.uasset" 135
"../../../Engine/Content/EditorMeshes/Camera/SM_CraneRig_Arm.uexp" 136
"../../../Engine/Content/EditorMeshes/Camera/SM_CraneRig_Base.uasset" 137
"../../../Engine/Content/EditorMeshes/Camera/SM_CraneRig_Base.uexp" 138
"../../../Engine/Content/EditorMeshes/Camera/SM_CraneRig_Body.uasset" 139
"../../../Engine/Content/EditorMeshes/Camera/SM_CraneRig_Body.uexp" 140
"../../../Engine/Content/EditorMeshes/Camera/SM_CraneRig_Mount.uasset" 141
"../../../Engine/Content/EditorMeshes/Camera/SM_CraneRig_Mount.uexp" 142
"../../../Engine/Content/EditorMeshes/Camera/SM_RailRig_Mount.uasset" 143
"../../../Engine/Content/EditorMeshes/Camera/SM_RailRig_Mount.uexp" 144
"../../../Engine/Content/EditorMeshes/Camera/SM_RailRig_Track.uasset" 145
"../../../Engine/Content/EditorMeshes/Camera/SM_RailRig_Track.uexp" 146
"../../../Engine/Content/EditorResources/BSPVertex.uasset" 147
"../../../Engine/Content/EditorResources/BSPVertex.uexp" 148
"../../../Engine/Content/EditorResources/EmptyActor.uasset" 149
"../../../Engine/Content/EditorResources/EmptyActor.uexp" 150
"../../../Engine/Content/EditorResources/S_Actor.uasset" 151
"../../../Engine/Content/EditorResources/S_Actor.uexp" 152
"../../../Engine/Content/EditorResources/S_Actor.ubulk" 153
"../../../Engine/Content/EditorResources/S_Note.uasset" 154
"../../../Engine/Content/EditorResources/S_Note.uexp" 155
"../../../Engine/Content/EditorResources/S_Note.ubulk" 156
"../../../Engine/Content/EditorResources/S_Solver.uasset" 157
"../../../Engine/Content/EditorResources/S_Solver.uexp" 158
"../../../Engine/Content/EditorResources/S_Solver.ubulk" 159
"../../../Engine/Content/EditorResources/S_Terrain.uasset" 160
"../../../Engine/Content/EditorResources/S_Terrain.uexp" 161
"../../../Engine/Content/EditorResources/S_Terrain.ubulk" 162
"../../../Engine/Content/EditorResources/S_Trigger.uasset" 163
"../../../Engine/Content/EditorResources/S_Trigger.uexp" 164
"../../../Engine/Content/EditorResources/S_Trigger.ubulk" 165
"../../../Engine/Content/EditorResources/LightIcons/S_LightError.uasset" 166
"../../../Engine/Content/EditorResources/LightIcons/S_LightError.uexp" 167
"../../../Engine/Content/EditorResources/SequenceRecorder/Countdown.uasset" 168
"../../../Engine/Content/EditorResources/SequenceRecorder/Countdown.uexp" 169
"../../../Engine/Content/EditorResources/SequenceRecorder/RecordingIndicator.uasset" 170
"../../../Engine/Content/EditorResources/SequenceRecorder/RecordingIndicator.uexp" 171
"../../../Engine/Content/EngineDamageTypes/DmgTypeBP_Environmental.uasset" 172
"../../../Engine/Content/EngineDamageTypes/DmgTypeBP_Environmental.uexp" 173
"../../../Engine/Content/EngineDebugMaterials/DebugEditorMaterial.uasset" 174
"../../../Engine/Content/EngineDebugMaterials/DebugEditorMaterial.uexp" 175
"../../../Engine/Content/EngineDebugMaterials/DebugMeshMaterial.uasset" 176
"../../../Engine/Content/EngineDebugMaterials/DebugMeshMaterial.uexp" 177
"../../../Engine/Content/EngineDebugMaterials/M_SimpleUnlitTranslucent.uasset" 178
"../../../Engine/Content/EngineDebugMaterials/M_SimpleUnlitTranslucent.uexp" 179
"../../../Engine/Content/EngineDebugMaterials/VolumeToRender.uasset" 180
"../../../Engine/Content/EngineDebugMaterials/VolumeToRender.uexp" 181
"../../../Engine/Content/Functions/Engine_MaterialFunctions02/Utility/CameraDirectionVector.uasset" 182
"../../../Engine/Content/Functions/Engine_MaterialFunctions02/Utility/CameraDirectionVector.uexp" 183
"../../../Engine/Content/EngineDebugMaterials/M_VolumeRenderSphereTracePP.uasset" 184
"../../../Engine/Content/EngineDebugMaterials/M_VolumeRenderSphereTracePP.uexp" 185
"../../../Engine/Content/Functions/Engine_MaterialFunctions01/Shading/ConvertFromDiffSpec.uasset" 186
"../../../Engine/Content/Functions/Engine_MaterialFunctions01/Shading/ConvertFromDiffSpec.uexp" 187
"../../../Engine/Content/EngineDebugMaterials/VertexColorMaterial.uasset" 188
"../../../Engine/Content/EngineDebugMaterials/VertexColorMaterial.uexp" 189
"../../../Engine/Content/EngineDebugMaterials/WireframeMaterial.uasset" 190
"../../../Engine/Content/EngineDebugMaterials/WireframeMaterial.uexp" 191
"../../../Engine/Content/EngineFonts/Faces/RobotoRegular.uasset" 192
"../../../Engine/Content/EngineFonts/Faces/RobotoRegular.uexp" 193
"../../../Engine/Content/EngineFonts/Faces/RobotoRegular.ufont" 194
"../../../Engine/Content/EngineFonts/Faces/RobotoLight.uasset" 195
"../../../Engine/Content/EngineFonts/Faces/RobotoLight.uexp" 196
"../../../Engine/Content/EngineFonts/Faces/RobotoLight.ufont" 197
"../../../Engine/Content/EngineFonts/Faces/RobotoItalic.uasset" 198
"../../../Engine/Content/EngineFonts/Faces/RobotoItalic.uexp" 199
"../../../Engine/Content/EngineFonts/Faces/RobotoItalic.ufont" 200
"../../../Engine/Content/EngineFonts/Faces/RobotoBoldItalic.uasset" 201
"../../../Engine/Content/EngineFonts/Faces/RobotoBoldItalic.uexp" 202
"../../../Engine/Content/EngineFonts/Faces/RobotoBoldItalic.ufont" 203
"../../../Engine/Content/EngineFonts/Faces/RobotoBold.uasset" 204
"../../../Engine/Content/EngineFonts/Faces/RobotoBold.uexp" 205
"../../../Engine/Content/EngineFonts/Faces/RobotoBold.ufont" 206
"../../../Engine/Content/EngineFonts/Faces/DroidSansFallback.uasset" 207
"../../../Engine/Content/EngineFonts/Faces/DroidSansFallback.uexp" 208
"../../../Engine/Content/EngineFonts/Faces/DroidSansFallback.ufont" 209
"../../../Engine/Content/EngineFonts/Roboto.uasset" 210
"../../../Engine/Content/EngineFonts/Roboto.uexp" 211
"../../../Engine/Content/EngineMaterials/BaseFlattenDiffuseMap.uasset" 212
"../../../Engine/Content/EngineMaterials/BaseFlattenDiffuseMap.uexp" 213
"../../../Engine/Content/EngineMaterials/BaseFlattenNormalMap.uasset" 214
"../../../Engine/Content/EngineMaterials/BaseFlattenNormalMap.uexp" 215
"../../../Engine/Content/EngineMaterials/BaseFlattenGrayscaleMap.uasset" 216
"../../../Engine/Content/EngineMaterials/BaseFlattenGrayscaleMap.uexp" 217
"../../../Engine/Content/EngineMaterials/BaseFlattenEmissiveMap.uasset" 218
"../../../Engine/Content/EngineMaterials/BaseFlattenEmissiveMap.uexp" 219
"../../../Engine/Content/EngineMaterials/BaseFlattenMaterial.uasset" 220
"../../../Engine/Content/EngineMaterials/BaseFlattenMaterial.uexp" 221
"../../../Engine/Content/EngineMaterials/BlueNoise.uasset" 222
"../../../Engine/Content/EngineMaterials/BlueNoise.uexp" 223
"../../../Engine/Content/EngineMaterials/DefaultBloomKernel.uasset" 224
"../../../Engine/Content/EngineMaterials/DefaultBloomKernel.uexp" 225
"../../../Engine/Content/EngineMaterials/DefaultBokeh.uasset" 226
"../../../Engine/Content/EngineMaterials/DefaultBokeh.uexp" 227
"../../../Engine/Content/EngineMaterials/DefaultDiffuse.uasset" 228
"../../../Engine/Content/EngineMaterials/DefaultDiffuse.uexp" 229
"../../../Engine/Content/EngineMaterials/DefaultDiffuse.ubulk" 230
"../../../Engine/Content/EngineMaterials/DefaultDeferredDecalMaterial.uasset" 231
"../../../Engine/Content/EngineMaterials/DefaultDeferredDecalMaterial.uexp" 232
"../../../Engine/Content/EngineMaterials/DefaultLightFunctionMaterial.uasset" 233
"../../../Engine/Content/EngineMaterials/DefaultLightFunctionMaterial.uexp" 234
"../../../Engine/Content/EngineMaterials/DefaultPhysicalMaterial.uasset" 235
"../../../Engine/Content/EngineMaterials/DefaultPhysicalMaterial.uexp" 236
"../../../Engine/Content/Functions/Engine_MaterialFunctions02/Utility/BreakOutFloat2Components.uasset" 237
"../../../Engine/Content/Functions/Engine_MaterialFunctions02/Utility/BreakOutFloat2Components.uexp" 238
"../../../Engine/Content/EngineMaterials/DefaultPostProcessMaterial.uasset" 239
"../../../Engine/Content/EngineMaterials/DefaultPostProcessMaterial.uexp" 240
"../../../Engine/Content/EngineFonts/RobotoDistanceField.uasset" 241
"../../../Engine/Content/EngineFonts/RobotoDistanceField.uexp" 242
"../../../Engine/Content/EngineMaterials/DefaultTextMaterialOpaque.uasset" 243
"../../../Engine/Content/EngineMaterials/DefaultTextMaterialOpaque.uexp" 244
"../../../Engine/Content/EngineMaterials/DefaultWhiteGrid.uasset" 245
"../../../Engine/Content/EngineMaterials/DefaultWhiteGrid.uexp" 246
"../../../Engine/Content/EngineMaterials/DefaultWhiteGrid.ubulk" 247
"../../../Engine/Content/EngineMaterials/DefaultWhiteGrid_Low.uasset" 248
"../../../Engine/Content/EngineMaterials/DefaultWhiteGrid_Low.uexp" 249
"../../../Engine/Content/EngineMaterials/EmissiveMeshMaterial.uasset" 250
"../../../Engine/Content/EngineMaterials/EmissiveMeshMaterial.uexp" 251
"../../../Engine/Content/EngineMaterials/GizmoMaterial.uasset" 252
"../../../Engine/Content/EngineMaterials/GizmoMaterial.uexp" 253
"../../../Engine/Content/EngineMaterials/Good64x64TilingNoiseHighFreq.uasset" 254
"../../../Engine/Content/EngineMaterials/Good64x64TilingNoiseHighFreq.uexp" 255
"../../../Engine/Content/EngineMaterials/MiniFont.uasset" 256
"../../../Engine/Content/EngineMaterials/MiniFont.uexp" 257
"../../../Engine/Content/EngineMaterials/InvalidLightmapSettings.uasset" 258
"../../../Engine/Content/EngineMaterials/InvalidLightmapSettings.uexp" 259
"../../../Engine/Content/EngineMaterials/InvalidLightmapSettings.ubulk" 260
"../../../Engine/Content/EngineMaterials/M_InvalidLightmapSettings.uasset" 261
"../../../Engine/Content/EngineMaterials/M_InvalidLightmapSettings.uexp" 262
"../../../Engine/Content/Functions/Engine_MaterialFunctions02/WorldPositionOffset/CameraOffset.uasset" 263
"../../../Engine/Content/Functions/Engine_MaterialFunctions02/WorldPositionOffset/CameraOffset.uexp" 264
"../../../Engine/Content/EngineMaterials/PhAT_JointLimitMaterial.uasset" 265
"../../../Engine/Content/EngineMaterials/PhAT_JointLimitMaterial.uexp" 266
"../../../Engine/Content/EngineMaterials/DefaultCalibrationColor.uasset" 267
"../../../Engine/Content/EngineMaterials/DefaultCalibrationColor.uexp" 268
"../../../Engine/Content/EngineMaterials/PPM_DefaultCalibrationColor.uasset" 269
"../../../Engine/Content/EngineMaterials/PPM_DefaultCalibrationColor.uexp" 270
"../../../Engine/Content/EngineMaterials/DefaultCalibrationGrayscale.uasset" 271
"../../../Engine/Content/EngineMaterials/DefaultCalibrationGrayscale.uexp" 272
"../../../Engine/Content/EngineMaterials/PPM_DefaultCalibrationGrayscale.uasset" 273
"../../../Engine/Content/EngineMaterials/PPM_DefaultCalibrationGrayscale.uexp" 274
"../../../Engine/Content/EngineMaterials/PreintegratedSkinBRDF.uasset" 275
"../../../Engine/Content/EngineMaterials/PreintegratedSkinBRDF.uexp" 276
"../../../Engine/Content/EngineMaterials/RemoveSurfaceMaterial.uasset" 277
"../../../Engine/Content/EngineMaterials/RemoveSurfaceMaterial.uexp" 278
"../../../Engine/Content/EngineMaterials/WeightMapPlaceholderTexture.uasset" 279
"../../../Engine/Content/EngineMaterials/WeightMapPlaceholderTexture.uexp" 280
"../../../Engine/Content/EngineResources/WhiteSquareTexture.uasset" 281
"../../../Engine/Content/EngineResources/WhiteSquareTexture.uexp" 282
"../../../Engine/Content/EngineMaterials/Widget3DPassThrough.uasset" 283
"../../../Engine/Content/EngineMaterials/Widget3DPassThrough.uexp" 284
"../../../Engine/Content/EngineMaterials/Widget3DPassThrough_Masked.uasset" 285
"../../../Engine/Content/EngineMaterials/Widget3DPassThrough_Masked.uexp" 286
"../../../Engine/Content/EngineMaterials/Widget3DPassThrough_Opaque.uasset" 287
"../../../Engine/Content/EngineMaterials/Widget3DPassThrough_Opaque.uexp" 288
"../../../Engine/Content/EngineMaterials/Widget3DPassThrough_Masked_OneSided.uasset" 289
"../../../Engine/Content/EngineMaterials/Widget3DPassThrough_Masked_OneSided.uexp" 290
"../../../Engine/Content/EngineMaterials/Widget3DPassThrough_Opaque_OneSided.uasset" 291
"../../../Engine/Content/EngineMaterials/Widget3DPassThrough_Opaque_OneSided.uexp" 292
"../../../Engine/Content/EngineMaterials/Widget3DPassThrough_Translucent.uasset" 293
"../../../Engine/Content/EngineMaterials/Widget3DPassThrough_Translucent.uexp" 294
"../../../Engine/Content/EngineMaterials/Widget3DPassThrough_Translucent_OneSided.uasset" 295
"../../../Engine/Content/EngineMaterials/Widget3DPassThrough_Translucent_OneSided.uexp" 296
"../../../Engine/Content/EngineMeshes/Cylinder.uasset" 297
"../../../Engine/Content/EngineMeshes/Cylinder.uexp" 298
"../../../Engine/Content/EngineMeshes/Sphere.uasset" 299
"../../../Engine/Content/EngineMeshes/Sphere.uexp" 300
"../../../Engine/Content/EngineResources/DefaultTexture.uasset" 301
"../../../Engine/Content/EngineResources/DefaultTexture.uexp" 302
"../../../Engine/Content/EngineResources/DefaultTexture.ubulk" 303
"../../../Engine/Content/EngineResources/DefaultTextureCube.uasset" 304
"../../../Engine/Content/EngineResources/DefaultTextureCube.uexp" 305
"../../../Engine/Content/EngineResources/DefaultVolumeTexture2D.uasset" 306
"../../../Engine/Content/EngineResources/DefaultVolumeTexture2D.uexp" 307
"../../../Engine/Content/EngineResources/DefaultVolumeTexture.uasset" 308
"../../../Engine/Content/EngineResources/DefaultVolumeTexture.uexp" 309
"../../../Engine/Content/EngineResources/GradientTexture0.uasset" 310
"../../../Engine/Content/EngineResources/GradientTexture0.uexp" 311
"../../../Engine/Content/EngineSky/VolumetricClouds/T_NoiseShape64.uasset" 312
"../../../Engine/Content/EngineSky/VolumetricClouds/T_NoiseShape64.uexp" 313
"../../../Engine/Content/EngineSky/VolumetricClouds/T_NoiseShape64.ubulk" 314
"../../../Engine/Content/EngineSky/VolumetricClouds/T_VolumeNoiseShape64.uasset" 315
"../../../Engine/Content/EngineSky/VolumetricClouds/T_VolumeNoiseShape64.uexp" 316
"../../../Engine/Content/EngineSky/VolumetricClouds/T_NoiseErosion.uasset" 317
"../../../Engine/Content/EngineSky/VolumetricClouds/T_NoiseErosion.uexp" 318
"../../../Engine/Content/EngineSky/VolumetricClouds/T_NoiseErosion.ubulk" 319
"../../../Engine/Content/EngineSky/VolumetricClouds/T_VolumeNoiseErosion32.uasset" 320
"../../../Engine/Content/EngineSky/VolumetricClouds/T_VolumeNoiseErosion32.uexp" 321
"../../../Engine/Content/EngineSky/VolumetricClouds/CloudWeatherTexture.uasset" 322
"../../../Engine/Content/EngineSky/VolumetricClouds/CloudWeatherTexture.uexp" 323
"../../../Engine/Content/EngineSky/VolumetricClouds/CloudGradientTexture.uasset" 324
"../../../Engine/Content/EngineSky/VolumetricClouds/CloudGradientTexture.uexp" 325
"../../../Engine/Content/Functions/Engine_MaterialFunctions02/Utility/MakeFloat2.uasset" 326
"../../../Engine/Content/Functions/Engine_MaterialFunctions02/Utility/MakeFloat2.uexp" 327
"../../../Engine/Content/EngineSky/VolumetricClouds/m_SimpleVolumetricCloud.uasset" 328
"../../../Engine/Content/EngineSky/VolumetricClouds/m_SimpleVolumetricCloud.uexp" 329
"../../../Engine/Content/EngineSky/VolumetricClouds/m_SimpleVolumetricCloud_Inst.uasset" 330
"../../../Engine/Content/EngineSky/VolumetricClouds/m_SimpleVolumetricCloud_Inst.uexp" 331
"../../../Engine/Content/EngineSounds/Master.uasset" 332
"../../../Engine/Content/EngineSounds/Master.uexp" 333
"../../../Engine/Content/Functions/Engine_MaterialFunctions01/Shading/PowerToRoughness.uasset" 334
"../../../Engine/Content/Functions/Engine_MaterialFunctions01/Shading/PowerToRoughness.uexp" 335
"../../../Engine/Content/Maps/Templates/Thumbnails/Default.uasset" 336
"../../../Engine/Content/Maps/Templates/Thumbnails/Default.uexp" 337
"../../../Engine/Content/Maps/Templates/Thumbnails/TimeOfDay.uasset" 338
"../../../Engine/Content/Maps/Templates/Thumbnails/TimeOfDay.uexp" 339
"../../../Engine/Content/Maps/Templates/Thumbnails/VR-Basic.uasset" 340
"../../../Engine/Content/Maps/Templates/Thumbnails/VR-Basic.uexp" 341
"../../../Engine/Content/MobileResources/T_MobileControls_texture.uasset" 342
"../../../Engine/Content/MobileResources/T_MobileControls_texture.uexp" 343
"../../../Engine/Content/MobileResources/T_MobileMenu2.uasset" 344
"../../../Engine/Content/MobileResources/T_MobileMenu2.uexp" 345
"../../../Engine/Content/MobileResources/HUD/AnalogHat.uasset" 346
"../../../Engine/Content/MobileResources/HUD/AnalogHat.uexp" 347
"../../../Engine/Content/MobileResources/HUD/VirtualJoystick_Thumb.uasset" 348
"../../../Engine/Content/MobileResources/HUD/VirtualJoystick_Thumb.uexp" 349
"../../../Engine/Content/MobileResources/HUD/VirtualJoystick_Background.uasset" 350
"../../../Engine/Content/MobileResources/HUD/VirtualJoystick_Background.uexp" 351
"../../../Engine/Content/MobileResources/HUD/DefaultVirtualJoysticks.uasset" 352
"../../../Engine/Content/MobileResources/HUD/DefaultVirtualJoysticks.uexp" 353
"../../../Engine/Content/MobileResources/HUD/LeftVirtualJoystickOnly.uasset" 354
"../../../Engine/Content/MobileResources/HUD/LeftVirtualJoystickOnly.uexp" 355
"../../../Engine/Content/MobileResources/HUD/MobileHUDButton1_off.uasset" 356
"../../../Engine/Content/MobileResources/HUD/MobileHUDButton1_off.uexp" 357
"../../../Engine/Content/MobileResources/HUD/MobileHUDButton1_on.uasset" 358
"../../../Engine/Content/MobileResources/HUD/MobileHUDButton1_on.uexp" 359
"../../../Engine/Content/MobileResources/HUD/MobileHUDButton2_off.uasset" 360
"../../../Engine/Content/MobileResources/HUD/MobileHUDButton2_off.uexp" 361
"../../../Engine/Content/MobileResources/HUD/MobileHUDButton2_on.uasset" 362
"../../../Engine/Content/MobileResources/HUD/MobileHUDButton2_on.uexp" 363
"../../../Engine/Content/MobileResources/HUD/MobileHUDButton3.uasset" 364
"../../../Engine/Content/MobileResources/HUD/MobileHUDButton3.uexp" 365
"../../../Engine/Content/MobileResources/HUD/MobileHUDButtonFire.uasset" 366
"../../../Engine/Content/MobileResources/HUD/MobileHUDButtonFire.uexp" 367
"../../../Engine/Content/MobileResources/HUD/MobileHUDDirectionPad.uasset" 368
"../../../Engine/Content/MobileResources/HUD/MobileHUDDirectionPad.uexp" 369
"../../../Engine/Content/MobileResources/HUD/MobileHUDDirectionPad2.uasset" 370
"../../../Engine/Content/MobileResources/HUD/MobileHUDDirectionPad2.uexp" 371
"../../../Engine/Content/MobileResources/HUD/MobileHUDDirectionPad3.uasset" 372
"../../../Engine/Content/MobileResources/HUD/MobileHUDDirectionPad3.uexp" 373
"../../../Engine/Content/MobileResources/HUD/MobileHUDDirectionStick.uasset" 374
"../../../Engine/Content/MobileResources/HUD/MobileHUDDirectionStick.uexp" 375
"../../../Engine/Content/MobileResources/HUD/T_Castle_ThumbstickInner.uasset" 376
"../../../Engine/Content/MobileResources/HUD/T_Castle_ThumbstickInner.uexp" 377
"../../../Engine/Content/MobileResources/HUD/T_Castle_ThumbstickOutter.uasset" 378
"../../../Engine/Content/MobileResources/HUD/T_Castle_ThumbstickOutter.uexp" 379
"../../../Engine/Content/Tutorial/ContentIntroCurve.uasset" 380
"../../../Engine/Content/Tutorial/ContentIntroCurve.uexp" 381
"../../../Engine/Content/Tutorial/Basics/TutorialAssets/icon_tab_Levels_40x.uasset" 382
"../../../Engine/Content/Tutorial/Basics/TutorialAssets/icon_tab_Levels_40x.uexp" 383
"../../../Engine/Content/VREditor/TransformGizmo/TranslucentTransformGizmoMaterial.uasset" 384
"../../../Engine/Content/VREditor/TransformGizmo/TranslucentTransformGizmoMaterial.uexp" 385
"../../../Engine/Content/VREditor/LaserPointer/VR_LaserPower_01.uasset" 386
"../../../Engine/Content/VREditor/LaserPointer/VR_LaserPower_01.uexp" 387
"../../../Engine/Content/VREditor/LaserPointer/VR_LaserPower_01.ubulk" 388
"../../../Engine/Content/VREditor/TransformGizmo/TransformGizmoMaterial.uasset" 389
"../../../Engine/Content/VREditor/TransformGizmo/TransformGizmoMaterial.uexp" 390
"../../../Engine/Content/VREditor/TransformGizmo/BoundingBoxCorner.uasset" 391
"../../../Engine/Content/VREditor/TransformGizmo/BoundingBoxCorner.uexp" 392
"../../../Engine/Content/VREditor/TransformGizmo/BoundingBoxEdge.uasset" 393
"../../../Engine/Content/VREditor/TransformGizmo/BoundingBoxEdge.uexp" 394
"../../../Engine/Content/VREditor/TransformGizmo/PlaneTranslationHandle.uasset" 395
"../../../Engine/Content/VREditor/TransformGizmo/PlaneTranslationHandle.uexp" 396
"../../../Engine/Content/VREditor/TransformGizmo/Xray.uasset" 397
"../../../Engine/Content/VREditor/TransformGizmo/Xray.uexp" 398
"../../../Engine/Content/VREditor/TransformGizmo/Main.uasset" 399
"../../../Engine/Content/VREditor/TransformGizmo/Main.uexp" 400
"../../../Engine/Content/VREditor/TransformGizmo/SM_Sequencer_Key.uasset" 401
"../../../Engine/Content/VREditor/TransformGizmo/SM_Sequencer_Key.uexp" 402
"../../../Engine/Content/VREditor/TransformGizmo/SM_Sequencer_Node.uasset" 403
"../../../Engine/Content/VREditor/TransformGizmo/SM_Sequencer_Node.uexp" 404
"../../../Engine/Plugins/2D/Paper2D/Content/PlaceholderTextures/DummySpriteTexture.uasset" 405
"../../../Engine/Plugins/2D/Paper2D/Content/PlaceholderTextures/DummySpriteTexture.uexp" 406
"../../../Engine/Plugins/2D/Paper2D/Content/PlaceholderTextures/DummySpriteTexture.ubulk" 407
"../../../Engine/Plugins/2D/Paper2D/Content/DummySprite.uasset" 408
"../../../Engine/Plugins/2D/Paper2D/Content/DummySprite.uexp" 409
"../../../Engine/Plugins/2D/Paper2D/Content/DefaultPaperTerrainMaterial.uasset" 410
"../../../Engine/Plugins/2D/Paper2D/Content/DefaultPaperTerrainMaterial.uexp" 411
"../../../Engine/Plugins/2D/Paper2D/Content/DefaultSpriteMaterial.uasset" 412
"../../../Engine/Plugins/2D/Paper2D/Content/DefaultSpriteMaterial.uexp" 413
"../../../Engine/Plugins/2D/Paper2D/Content/MaskedUnlitSpriteMaterial.uasset" 414
"../../../Engine/Plugins/2D/Paper2D/Content/MaskedUnlitSpriteMaterial.uexp" 415
"../../../Engine/Plugins/2D/Paper2D/Content/OpaqueUnlitSpriteMaterial.uasset" 416
"../../../Engine/Plugins/2D/Paper2D/Content/OpaqueUnlitSpriteMaterial.uexp" 417
"../../../Engine/Content/Functions/Engine_MaterialFunctions02/Utility/BreakOutFloat3Components.uasset" 418
"../../../Engine/Content/Functions/Engine_MaterialFunctions02/Utility/BreakOutFloat3Components.uexp" 419
"../../../Engine/Content/Functions/Engine_MaterialFunctions02/Utility/VectorLength.uasset" 420
"../../../Engine/Content/Functions/Engine_MaterialFunctions02/Utility/VectorLength.uexp" 421
"../../../Engine/Content/Functions/Engine_MaterialFunctions02/WorldPositionOffset/ObjectScale.uasset" 422
"../../../Engine/Content/Functions/Engine_MaterialFunctions02/WorldPositionOffset/ObjectScale.uexp" 423
"../../../Engine/Content/Functions/Engine_MaterialFunctions02/ObjectLocalBounds.uasset" 424
"../../../Engine/Content/Functions/Engine_MaterialFunctions02/ObjectLocalBounds.uexp" 425
"../../../Engine/Plugins/Editor/SpeedTreeImporter/Content/SpeedTree9/UnpackInteger3.uasset" 426
"../../../Engine/Plugins/Editor/SpeedTreeImporter/Content/SpeedTree9/UnpackInteger3.uexp" 427
"../../../Engine/Plugins/Editor/SpeedTreeImporter/Content/SpeedTree9/UnpackDirection.uasset" 428
"../../../Engine/Plugins/Editor/SpeedTreeImporter/Content/SpeedTree9/UnpackDirection.uexp" 429
"../../../Engine/Plugins/Editor/SpeedTreeImporter/Content/SpeedTree9/game_wind_noise.uasset" 430
"../../../Engine/Plugins/Editor/SpeedTreeImporter/Content/SpeedTree9/game_wind_noise.uexp" 431
"../../../Engine/Plugins/Editor/SpeedTreeImporter/Content/SpeedTree9/game_wind_noise.ubulk" 432
"../../../Engine/Content/Functions/Engine_MaterialFunctions02/SafeNormalize.uasset" 433
"../../../Engine/Content/Functions/Engine_MaterialFunctions02/SafeNormalize.uexp" 434
"../../../Engine/Plugins/Editor/SpeedTreeImporter/Content/SpeedTree9/SpeedTreeWindMotion.uasset" 435
"../../../Engine/Plugins/Editor/SpeedTreeImporter/Content/SpeedTree9/SpeedTreeWindMotion.uexp" 436
"../../../Engine/Plugins/Editor/SpeedTreeImporter/Content/SpeedTree9/SpeedTreeBranchMotion.uasset" 437
"../../../Engine/Plugins/Editor/SpeedTreeImporter/Content/SpeedTree9/SpeedTreeBranchMotion.uexp" 438
"../../../Engine/Content/Functions/Engine_MaterialFunctions02/UVs/BoundingBoxBased_0-1_UVW.uasset" 439
"../../../Engine/Content/Functions/Engine_MaterialFunctions02/UVs/BoundingBoxBased_0-1_UVW.uexp" 440
"../../../Engine/Plugins/Editor/SpeedTreeImporter/Content/SpeedTree9/SpeedTreeWind.uasset" 441
"../../../Engine/Plugins/Editor/SpeedTreeImporter/Content/SpeedTree9/SpeedTreeWind.uexp" 442
"../../../Engine/Plugins/Editor/SpeedTreeImporter/Content/SpeedTree9/SpeedTreeBillboard.uasset" 443
"../../../Engine/Plugins/Editor/SpeedTreeImporter/Content/SpeedTree9/SpeedTreeBillboard.uexp" 444
"../../../Engine/Plugins/Editor/SpeedTreeImporter/Content/SpeedTree9/EmptyNormal.uasset" 445
"../../../Engine/Plugins/Editor/SpeedTreeImporter/Content/SpeedTree9/EmptyNormal.uexp" 446
"../../../Engine/Plugins/Editor/SpeedTreeImporter/Content/SpeedTree9/Empty.uasset" 447
"../../../Engine/Plugins/Editor/SpeedTreeImporter/Content/SpeedTree9/Empty.uexp" 448
"../../../Engine/Plugins/Editor/SpeedTreeImporter/Content/SpeedTree9/SpeedTreeBillboardMaster.uasset" 449
"../../../Engine/Plugins/Editor/SpeedTreeImporter/Content/SpeedTree9/SpeedTreeBillboardMaster.uexp" 450
"../../../Engine/Plugins/Editor/SpeedTreeImporter/Content/SpeedTree9/SpeedTreeCameraFacing.uasset" 451
"../../../Engine/Plugins/Editor/SpeedTreeImporter/Content/SpeedTree9/SpeedTreeCameraFacing.uexp" 452
"../../../Engine/Plugins/Editor/SpeedTreeImporter/Content/SpeedTree9/SpeedTreeMaster.uasset" 453
"../../../Engine/Plugins/Editor/SpeedTreeImporter/Content/SpeedTree9/SpeedTreeMaster.uexp" 454
"../../../Engine/Content/ArtTools/RenderToTexture/Materials/Debug/M_Emissive_Color.uasset" 455
"../../../Engine/Content/ArtTools/RenderToTexture/Materials/Debug/M_Emissive_Color.uexp" 456
"../../../Engine/Content/BasicShapes/Cylinder.uasset" 457
"../../../Engine/Content/BasicShapes/Cylinder.uexp" 458
"../../../Engine/Content/EngineResources/Black.uasset" 459
"../../../Engine/Content/EngineResources/Black.uexp" 460
"../../../Engine/Content/Functions/Engine_MaterialFunctions02/Utility/BreakOutFloat4Components.uasset" 461
"../../../Engine/Content/Functions/Engine_MaterialFunctions02/Utility/BreakOutFloat4Components.uexp" 462
"../../../Engine/Content/Functions/Engine_MaterialFunctions02/Utility/MakeFloat3.uasset" 463
"../../../Engine/Content/Functions/Engine_MaterialFunctions02/Utility/MakeFloat3.uexp" 464
"E:/UnrealEngine/Project/TestProject/Content/UI/WBP_Menu.uasset" 465
"E:/UnrealEngine/Project/TestProject/Content/UI/WBP_Menu.uexp" 466
"../../../Engine/Content/EngineSky/T_Sky_Stars.uasset" 467
"../../../Engine/Content/EngineSky/T_Sky_Stars.uexp" 468
"../../../Engine/Content/EngineSky/T_Sky_Stars.ubulk" 469
"../../../Engine/Content/EngineSky/T_Sky_Clouds_M.uasset" 470
"../../../Engine/Content/EngineSky/T_Sky_Clouds_M.uexp" 471
"../../../Engine/Content/EngineSky/T_Sky_Clouds_M.ubulk" 472
"../../../Engine/Content/EngineSky/T_Sky_Blue.uasset" 473
"../../../Engine/Content/EngineSky/T_Sky_Blue.uexp" 474
"../../../Engine/Content/EngineSky/T_Sky_Blue.ubulk" 475
"../../../Engine/Content/EngineSky/M_Sky_Panning_Clouds2.uasset" 476
"../../../Engine/Content/EngineSky/M_Sky_Panning_Clouds2.uexp" 477
"../../../Engine/Content/EditorBlueprintResources/StandardMacros.uasset" 478
"../../../Engine/Content/EditorBlueprintResources/StandardMacros.uexp" 479
"../../../Engine/Content/EngineSky/SM_SkySphere.uasset" 480
"../../../Engine/Content/EngineSky/SM_SkySphere.uexp" 481
"../../../Engine/Content/EngineSky/C_Sky_Zenith_Color.uasset" 482
"../../../Engine/Content/EngineSky/C_Sky_Zenith_Color.uexp" 483
"../../../Engine/Content/EngineSky/C_Sky_Horizon_Color.uasset" 484
"../../../Engine/Content/EngineSky/C_Sky_Horizon_Color.uexp" 485
"../../../Engine/Content/EngineSky/C_Sky_Cloud_Color.uasset" 486
"../../../Engine/Content/EngineSky/C_Sky_Cloud_Color.uexp" 487
"../../../Engine/Content/EngineSky/BP_Sky_Sphere.uasset" 488
"../../../Engine/Content/EngineSky/BP_Sky_Sphere.uexp" 489
"E:/UnrealEngine/Project/TestProject/Content/ThirdPersonCPP/Maps/ThirdPersonExampleMap_BuiltData.uasset" 490
"E:/UnrealEngine/Project/TestProject/Content/ThirdPersonCPP/Maps/ThirdPersonExampleMap_BuiltData.uexp" 491
"E:/UnrealEngine/Project/TestProject/Content/ThirdPersonCPP/Maps/ThirdPersonExampleMap_BuiltData.ubulk" 492
"E:/UnrealEngine/Project/TestProject/Content/Mannequin/Character/Mesh/SK_Mannequin_PhysicsAsset.uasset" 493
"E:/UnrealEngine/Project/TestProject/Content/Mannequin/Character/Mesh/SK_Mannequin_PhysicsAsset.uexp" 494
"E:/UnrealEngine/Project/TestProject/Content/Mannequin/Character/Mesh/SK_Mannequin.uasset" 495
"E:/UnrealEngine/Project/TestProject/Content/Mannequin/Character/Mesh/SK_Mannequin.uexp" 496
"E:/UnrealEngine/Project/TestProject/Content/Mannequin/Animations/ThirdPersonWalk.uasset" 497
"E:/UnrealEngine/Project/TestProject/Content/Mannequin/Animations/ThirdPersonWalk.uexp" 498
"E:/UnrealEngine/Project/TestProject/Content/Mannequin/Animations/ThirdPersonRun.uasset" 499
"E:/UnrealEngine/Project/TestProject/Content/Mannequin/Animations/ThirdPersonRun.uexp" 500
"E:/UnrealEngine/Project/TestProject/Content/Mannequin/Animations/ThirdPersonIdle.uasset" 501
"E:/UnrealEngine/Project/TestProject/Content/Mannequin/Animations/ThirdPersonIdle.uexp" 502
"E:/UnrealEngine/Project/TestProject/Content/Mannequin/Animations/ThirdPerson_IdleRun_2D.uasset" 503
"E:/UnrealEngine/Project/TestProject/Content/Mannequin/Animations/ThirdPerson_IdleRun_2D.uexp" 504
"E:/UnrealEngine/Project/TestProject/Content/Mannequin/Animations/ThirdPerson_Jump.uasset" 505
"E:/UnrealEngine/Project/TestProject/Content/Mannequin/Animations/ThirdPerson_Jump.uexp" 506
"E:/UnrealEngine/Project/TestProject/Content/Mannequin/Animations/ThirdPersonJump_Start.uasset" 507
"E:/UnrealEngine/Project/TestProject/Content/Mannequin/Animations/ThirdPersonJump_Start.uexp" 508
"E:/UnrealEngine/Project/TestProject/Content/Mannequin/Animations/ThirdPersonJump_Loop.uasset" 509
"E:/UnrealEngine/Project/TestProject/Content/Mannequin/Animations/ThirdPersonJump_Loop.uexp" 510
"E:/UnrealEngine/Project/TestProject/Content/Mannequin/Animations/ThirdPerson_AnimBP.uasset" 511
"E:/UnrealEngine/Project/TestProject/Content/Mannequin/Animations/ThirdPerson_AnimBP.uexp" 512
"E:/UnrealEngine/Project/TestProject/Content/ThirdPersonCPP/Blueprints/ThirdPersonCharacter.uasset" 513
"E:/UnrealEngine/Project/TestProject/Content/ThirdPersonCPP/Blueprints/ThirdPersonCharacter.uexp" 514
"E:/UnrealEngine/Project/TestProject/Content/ThirdPerson/Meshes/RampMaterial.uasset" 515
"E:/UnrealEngine/Project/TestProject/Content/ThirdPerson/Meshes/RampMaterial.uexp" 516
"E:/UnrealEngine/Project/TestProject/Content/ThirdPerson/Meshes/RightArm_StaticMesh.uasset" 517
"E:/UnrealEngine/Project/TestProject/Content/ThirdPerson/Meshes/RightArm_StaticMesh.uexp" 518
"E:/UnrealEngine/Project/TestProject/Content/ThirdPerson/Meshes/Ramp_StaticMesh.uasset" 519
"E:/UnrealEngine/Project/TestProject/Content/ThirdPerson/Meshes/Ramp_StaticMesh.uexp" 520
"E:/UnrealEngine/Project/TestProject/Content/ThirdPerson/Meshes/Linear_Stair_StaticMesh.uasset" 521
"E:/UnrealEngine/Project/TestProject/Content/ThirdPerson/Meshes/Linear_Stair_StaticMesh.uexp" 522
"E:/UnrealEngine/Project/TestProject/Content/ThirdPerson/Meshes/LeftArm_StaticMesh.uasset" 523
"E:/UnrealEngine/Project/TestProject/Content/ThirdPerson/Meshes/LeftArm_StaticMesh.uexp" 524
"E:/UnrealEngine/Project/TestProject/Content/ThirdPerson/Meshes/Bump_StaticMesh.uasset" 525
"E:/UnrealEngine/Project/TestProject/Content/ThirdPerson/Meshes/Bump_StaticMesh.uexp" 526
"E:/UnrealEngine/Project/TestProject/Content/Geometry/Meshes/CubeMaterial.uasset" 527
"E:/UnrealEngine/Project/TestProject/Content/Geometry/Meshes/CubeMaterial.uexp" 528
"E:/UnrealEngine/Project/TestProject/Content/Geometry/Meshes/1M_Cube.uasset" 529
"E:/UnrealEngine/Project/TestProject/Content/Geometry/Meshes/1M_Cube.uexp" 530
"E:/UnrealEngine/Project/TestProject/Content/Geometry/Meshes/1M_Cube_Chamfer.uasset" 531
"E:/UnrealEngine/Project/TestProject/Content/Geometry/Meshes/1M_Cube_Chamfer.uexp" 532
"E:/UnrealEngine/Project/TestProject/Content/Geometry/Meshes/TemplateFloor.uasset" 533
"E:/UnrealEngine/Project/TestProject/Content/Geometry/Meshes/TemplateFloor.uexp" 534
"E:/UnrealEngine/Project/TestProject/Content/ThirdPersonCPP/Maps/ThirdPersonExampleMap.uexp" 535
"E:/UnrealEngine/Project/TestProject/Content/ThirdPersonCPP/Maps/ThirdPersonExampleMap.umap" 536
"../../../Engine/Content/Maps/Entry_BuiltData.uasset" 537
"../../../Engine/Content/Maps/Entry_BuiltData.uexp" 538
"../../../Engine/Content/Maps/Entry.uexp" 539
"../../../Engine/Content/Maps/Entry.umap" 540
